D:\PROJECTS\GIT\SRC\RESEARCH\BLUEPILL\HOWTOBOOSTPATCHGUARD\DEBUG-AMD64\PATCHGUARDCASE.PCH
D:\PROJECTS\GIT\SRC\RESEARCH\BLUEPILL\HOWTOBOOSTPATCHGUARD\DEBUG-AMD64\STDAFX.OBJ
D:\PROJECTS\GIT\SRC\RESEARCH\BLUEPILL\HOWTOBOOSTPATCHGUARD\DEBUG-AMD64\CSYSCALL.OBJ
D:\PROJECTS\GIT\SRC\RESEARCH\BLUEPILL\HOWTOBOOSTPATCHGUARD\DEBUG-AMD64\PATCHGUARD.OBJ
D:\PROJECTS\GIT\SRC\RESEARCH\BLUEPILL\HOWTOBOOSTPATCHGUARD\DEBUG-AMD64\PATCHGUARDBOOST.OBJ
D:\PROJECTS\GIT\SRC\RESEARCH\BLUEPILL\HOWTOBOOSTPATCHGUARD\DEBUG-AMD64\MDL.OBJ
D:\PROJECTS\GIT\SRC\RESEARCH\BLUEPILL\HOWTOBOOSTPATCHGUARD\DEBUG-AMD64\LIBC.OBJ
D:\PROJECTS\GIT\SRC\RESEARCH\BLUEPILL\HOWTOBOOSTPATCHGUARD\DEBUG-AMD64\PATCHGUARDCASE.OBJ
D:\PROJECTS\GIT\SRC\RESEARCH\BLUEPILL\HOWTOBOOSTPATCHGUARD\DEBUG-AMD64\VC110.PDB
D:\PROJECTS\GIT\SRC\RESEARCH\BLUEPILL\HOWTOBOOSTPATCHGUARD\DEBUG-AMD64\PATCHGUARDCASE.SYS
D:\PROJECTS\GIT\SRC\RESEARCH\BLUEPILL\HOWTOBOOSTPATCHGUARD\DEBUG-AMD64\PATCHGUARDCASE.PDB
D:\PROJECTS\GIT\src\Research\BluePill\HowToBoostPatchGuard\Debug-amd64\_instrinsics.obj
D:\PROJECTS\GIT\src\Research\BluePill\HowToBoostPatchGuard\Debug-amd64\_patchguardboost.obj
D:\PROJECTS\GIT\src\Research\BluePill\HowToBoostPatchGuard\Debug-amd64\_syscall.obj
D:\PROJECTS\GIT\SRC\RESEARCH\BLUEPILL\HOWTOBOOSTPATCHGUARD\DEBUG-AMD64\DRIVER_TEMPLATE.RES
D:\blog\#GIT\HowToBoostPatchGuard\Debug-amd64\CSysCall.obj
D:\blog\#GIT\HowToBoostPatchGuard\Debug-amd64\libc.obj
D:\blog\#GIT\HowToBoostPatchGuard\Debug-amd64\Mdl.obj
D:\blog\#GIT\HowToBoostPatchGuard\Debug-amd64\PatchGuard.obj
D:\blog\#GIT\HowToBoostPatchGuard\Debug-amd64\PatchGuardBoost.obj
D:\blog\#GIT\HowToBoostPatchGuard\Debug-amd64\PatchGuardCase.obj
D:\blog\#GIT\HowToBoostPatchGuard\Debug-amd64\StdAfx.obj
D:\blog\#GIT\HowToBoostPatchGuard\Debug-amd64\_instrinsics.obj
D:\blog\#GIT\HowToBoostPatchGuard\Debug-amd64\_patchguardboost.obj
D:\blog\#GIT\HowToBoostPatchGuard\Debug-amd64\_syscall.obj
D:\blog\#GIT\HowToBoostPatchGuard\Debug-amd64\cl.command.1.tlog
D:\blog\#GIT\HowToBoostPatchGuard\Debug-amd64\CL.read.1.tlog
D:\blog\#GIT\HowToBoostPatchGuard\Debug-amd64\CL.write.1.tlog
D:\blog\#GIT\HowToBoostPatchGuard\Debug-amd64\link-cvtres.read.1.tlog
D:\blog\#GIT\HowToBoostPatchGuard\Debug-amd64\link-cvtres.write.1.tlog
D:\blog\#GIT\HowToBoostPatchGuard\Debug-amd64\link.command.1.tlog
D:\blog\#GIT\HowToBoostPatchGuard\Debug-amd64\link.read.1.tlog
D:\blog\#GIT\HowToBoostPatchGuard\Debug-amd64\link.write.1.tlog
D:\blog\#GIT\HowToBoostPatchGuard\Debug-amd64\PatchGuardCase.write.1.tlog
D:\blog\#GIT\HowToBoostPatchGuard\Debug-amd64\rc.command.1.tlog
D:\blog\#GIT\HowToBoostPatchGuard\Debug-amd64\rc.read.1.tlog
D:\blog\#GIT\HowToBoostPatchGuard\Debug-amd64\rc.write.1.tlog
D:\blog\#GIT\HowToBoostPatchGuard\Debug-amd64\driver_template.res
D:\blog\#GIT\HowToBoostPatchGuard\Debug-amd64\PatchGuardCase.pch
D:\blog\#GIT\HowToBoostPatchGuard\Debug-amd64\vc110.idb
D:\blog\#GIT\HowToBoostPatchGuard\Debug-amd64\PatchGuardCase.pdb
D:\blog\#GIT\HowToBoostPatchGuard\Debug-amd64\vc110.pdb
D:\blog\#GIT\HowToBoostPatchGuard\Debug-amd64\PatchGuardCase.sys
